Started at Sat Jul 17 18:18:04 UTC 2021
Processing first job
Offering first job to Project Build Discarder
Processing test
Offering test to Project Build Discarder
Processing testjob
Offering testjob to Project Build Discarder
Finished at Sat Jul 17 18:18:04 UTC 2021. 1ms
Started at Sat Jul 17 19:18:04 UTC 2021
Processing first job
Offering first job to Project Build Discarder
Processing test
Offering test to Project Build Discarder
Processing testjob
Offering testjob to Project Build Discarder
Finished at Sat Jul 17 19:18:04 UTC 2021. 1ms
Started at Sat Jul 17 20:18:04 UTC 2021
Processing first job
Offering first job to Project Build Discarder
Processing test
Offering test to Project Build Discarder
Processing testjob
Offering testjob to Project Build Discarder
Finished at Sat Jul 17 20:18:04 UTC 2021. 2ms
Started at Sat Jul 17 21:18:04 UTC 2021
Processing first job
Offering first job to Project Build Discarder
Processing test
Offering test to Project Build Discarder
Processing testjob
Offering testjob to Project Build Discarder
Finished at Sat Jul 17 21:18:04 UTC 2021. 1ms
Started at Sat Jul 17 22:18:04 UTC 2021
Processing first job
Offering first job to Project Build Discarder
Processing test
Offering test to Project Build Discarder
Processing testjob
Offering testjob to Project Build Discarder
Finished at Sat Jul 17 22:18:04 UTC 2021. 1ms
Started at Sat Jul 17 23:18:04 UTC 2021
Processing first job
Offering first job to Project Build Discarder
Processing test
Offering test to Project Build Discarder
Processing testjob
Offering testjob to Project Build Discarder
Finished at Sat Jul 17 23:18:04 UTC 2021. 1ms
Started at Sun Jul 18 00:18:04 UTC 2021
Processing first job
Offering first job to Project Build Discarder
Processing test
Offering test to Project Build Discarder
Processing testjob
Offering testjob to Project Build Discarder
Finished at Sun Jul 18 00:18:04 UTC 2021. 2ms
Started at Sun Jul 18 01:18:04 UTC 2021
Processing first job
Offering first job to Project Build Discarder
Processing test
Offering test to Project Build Discarder
Processing testjob
Offering testjob to Project Build Discarder
Finished at Sun Jul 18 01:18:04 UTC 2021. 0ms
Started at Sun Jul 18 02:18:04 UTC 2021
Processing first job
Offering first job to Project Build Discarder
Processing test
Offering test to Project Build Discarder
Processing testjob
Offering testjob to Project Build Discarder
Finished at Sun Jul 18 02:18:04 UTC 2021. 1ms
Started at Sun Jul 18 03:18:04 UTC 2021
Processing first job
Offering first job to Project Build Discarder
Processing test
Offering test to Project Build Discarder
Processing testjob
Offering testjob to Project Build Discarder
Finished at Sun Jul 18 03:18:04 UTC 2021. 1ms
Started at Sun Jul 18 04:18:04 UTC 2021
Processing first job
Offering first job to Project Build Discarder
Processing test
Offering test to Project Build Discarder
Processing testjob
Offering testjob to Project Build Discarder
Finished at Sun Jul 18 04:18:04 UTC 2021. 2ms
Started at Sun Jul 18 05:18:04 UTC 2021
Processing first job
Offering first job to Project Build Discarder
Processing test
Offering test to Project Build Discarder
Processing testjob
Offering testjob to Project Build Discarder
Finished at Sun Jul 18 05:18:04 UTC 2021. 0ms
Started at Sun Jul 18 06:18:04 UTC 2021
Processing first job
Offering first job to Project Build Discarder
Processing test
Offering test to Project Build Discarder
Processing testjob
Offering testjob to Project Build Discarder
Finished at Sun Jul 18 06:18:04 UTC 2021. 1ms
Started at Sun Jul 18 07:18:04 UTC 2021
Processing first job
Offering first job to Project Build Discarder
Processing test
Offering test to Project Build Discarder
Processing testjob
Offering testjob to Project Build Discarder
Finished at Sun Jul 18 07:18:04 UTC 2021. 0ms
Started at Sun Jul 18 08:18:04 UTC 2021
Processing first job
Offering first job to Project Build Discarder
Processing test
Offering test to Project Build Discarder
Processing testjob
Offering testjob to Project Build Discarder
Finished at Sun Jul 18 08:18:04 UTC 2021. 1ms
Started at Sun Jul 18 09:18:04 UTC 2021
Processing first job
Offering first job to Project Build Discarder
Processing test
Offering test to Project Build Discarder
Processing testjob
Offering testjob to Project Build Discarder
Finished at Sun Jul 18 09:18:04 UTC 2021. 1ms
Started at Sun Jul 18 10:18:04 UTC 2021
Processing first job
Offering first job to Project Build Discarder
Processing test
Offering test to Project Build Discarder
Processing testjob
Offering testjob to Project Build Discarder
Finished at Sun Jul 18 10:18:04 UTC 2021. 0ms
